e:\!!!education\homeworks\lesson1\lesson9\hierarchy_class_dll\main_dll_lib\x64\debug\vc143.pdb
e:\!!!education\homeworks\lesson1\lesson9\hierarchy_class_dll\main_dll_lib\x64\debug\vc143.idb
e:\!!!education\homeworks\lesson1\lesson9\hierarchy_class_dll\main_dll_lib\x64\debug\triangle.obj
e:\!!!education\homeworks\lesson1\lesson9\hierarchy_class_dll\main_dll_lib\x64\debug\quadrangle.obj
e:\!!!education\homeworks\lesson1\lesson9\hierarchy_class_dll\main_dll_lib\x64\debug\figure.obj
e:\!!!education\homeworks\lesson1\lesson9\hierarchy_class_dll\main_dll_lib\x64\debug\main_dll_lib.lib
e:\!!!education\homeworks\lesson1\lesson9\hierarchy_class_dll\main_dll_lib\x64\debug\main_dll_lib.exp
e:\!!!education\homeworks\lesson1\lesson9\hierarchy_class_dll\main_dll_lib\x64\debug\main_dll_lib.dll
e:\!!!education\homeworks\lesson1\lesson9\hierarchy_class_dll\main_dll_lib\x64\debug\main_dll_lib.ilk
e:\!!!education\homeworks\lesson1\lesson9\hierarchy_class_dll\main_dll_lib\x64\debug\main_dll_lib.pdb
e:\!!!education\homeworks\lesson1\lesson9\hierarchy_class_dll\main_dll_lib\x64\debug\equilateral_triangle.obj
e:\!!!education\homeworks\lesson1\lesson9\hierarchy_class_dll\main_dll_lib\x64\debug\isosceles_triangle.obj
e:\!!!education\homeworks\lesson1\lesson9\hierarchy_class_dll\main_dll_lib\x64\debug\parallelogram.obj
e:\!!!education\homeworks\lesson1\lesson9\hierarchy_class_dll\main_dll_lib\x64\debug\rectangle.obj
e:\!!!education\homeworks\lesson1\lesson9\hierarchy_class_dll\main_dll_lib\x64\debug\rhombus.obj
e:\!!!education\homeworks\lesson1\lesson9\hierarchy_class_dll\main_dll_lib\x64\debug\right_triangle.obj
e:\!!!education\homeworks\lesson1\lesson9\hierarchy_class_dll\main_dll_lib\x64\debug\square.obj
e:\!!!education\homeworks\lesson1\lesson9\hierarchy_class_dll\main_dll_lib\x64\debug\main_dll_cpp.pdb
e:\!!!education\homeworks\lesson1\lesson9\hierarchy_class_dll\main_dll_lib\x64\debug\main_dll_lib.tlog\cl.command.1.tlog
e:\!!!education\homeworks\lesson1\lesson9\hierarchy_class_dll\main_dll_lib\x64\debug\main_dll_lib.tlog\cl.items.tlog
e:\!!!education\homeworks\lesson1\lesson9\hierarchy_class_dll\main_dll_lib\x64\debug\main_dll_lib.tlog\cl.read.1.tlog
e:\!!!education\homeworks\lesson1\lesson9\hierarchy_class_dll\main_dll_lib\x64\debug\main_dll_lib.tlog\cl.write.1.tlog
e:\!!!education\homeworks\lesson1\lesson9\hierarchy_class_dll\main_dll_lib\x64\debug\main_dll_lib.tlog\link.command.1.tlog
e:\!!!education\homeworks\lesson1\lesson9\hierarchy_class_dll\main_dll_lib\x64\debug\main_dll_lib.tlog\link.read.1.tlog
e:\!!!education\homeworks\lesson1\lesson9\hierarchy_class_dll\main_dll_lib\x64\debug\main_dll_lib.tlog\link.write.1.tlog
e:\!!!education\homeworks\lesson1\lesson9\hierarchy_class_dll\main_dll_lib\x64\debug\main_dll_lib.tlog\link.write.2u.tlog
